Ignoring invalid configuration option passed to Connection: acquireTimeout. This is currently a warning, but in future versions of MySQL2, an error will be thrown if you pass an invalid configuration option to a Connection
Ignoring invalid configuration option passed to Connection: timeout. This is currently a warning, but in future versions of MySQL2, an error will be thrown if you pass an invalid configuration option to a Connection
Ignoring invalid configuration option passed to Connection: reconnect. This is currently a warning, but in future versions of MySQL2, an error will be thrown if you pass an invalid configuration option to a Connection
MySQL connection error: Connection lost: The server closed the connection.
MySQL error: Error: Connection lost: The server closed the connection.
    at Socket.<anonymous> (/Users/user1/Documents/company/test_vhanit/backend/node_modules/mysql2/lib/base/connection.js:113:31)
    at Socket.emit (node:events:519:28)
    at TCP.<anonymous> (node:net:339:12) {
  fatal: true,
  code: 'PROTOCOL_CONNECTION_LOST'
}
MySQL connection lost. Reconnecting...
mqtt connected
Ignoring invalid configuration option passed to Connection: acquireTimeout. This is currently a warning, but in future versions of MySQL2, an error will be thrown if you pass an invalid configuration option to a Connection
Ignoring invalid configuration option passed to Connection: timeout. This is currently a warning, but in future versions of MySQL2, an error will be thrown if you pass an invalid configuration option to a Connection
Ignoring invalid configuration option passed to Connection: reconnect. This is currently a warning, but in future versions of MySQL2, an error will be thrown if you pass an invalid configuration option to a Connection
Ignoring invalid configuration option passed to Connection: acquireTimeout. This is currently a warning, but in future versions of MySQL2, an error will be thrown if you pass an invalid configuration option to a Connection
Ignoring invalid configuration option passed to Connection: timeout. This is currently a warning, but in future versions of MySQL2, an error will be thrown if you pass an invalid configuration option to a Connection
Ignoring invalid configuration option passed to Connection: reconnect. This is currently a warning, but in future versions of MySQL2, an error will be thrown if you pass an invalid configuration option to a Connection
MySQL connection error: Connection lost: The server closed the connection.
MySQL error: Error: Connection lost: The server closed the connection.
    at Socket.<anonymous> (/Users/user1/Documents/company/test_vhanit/backend/node_modules/mysql2/lib/base/connection.js:113:31)
    at Socket.emit (node:events:519:28)
    at TCP.<anonymous> (node:net:339:12) {
  fatal: true,
  code: 'PROTOCOL_CONNECTION_LOST'
}
MySQL connection lost. Reconnecting...
MySQL connection error: Connection lost: The server closed the connection.
MySQL error: Error: Connection lost: The server closed the connection.
    at Socket.<anonymous> (/Users/user1/Documents/company/test_vhanit/backend/node_modules/mysql2/lib/base/connection.js:113:31)
    at Socket.emit (node:events:519:28)
    at TCP.<anonymous> (node:net:339:12) {
  fatal: true,
  code: 'PROTOCOL_CONNECTION_LOST'
}
MySQL connection lost. Reconnecting...
Received message on topic: /138-81-54417/test
Message payload: LAT=20.458404;LNG=178.784285;T1=23.41;SPD=78;CRS=306;TM=6897565d
Topic parts: [ '', '138-81-54417', 'test' ]
Processing new GPS format data
=== PARSED GPS DATA ===
REGNO: 138-81-54417
JDATE: 20250809
Machin_mac: test
Time: 20250809 230829
Latitude: 20.458404
Longitude: 178.784285
Speed: 78 Km/h
Temperature: 23.41 ℃
Heading: 306
======================
Database not connected, skipping data save for rkey: 138-81-54417
Received message on topic: /138-81-54417/test
Message payload: LAT=78.615635;LNG=75.694300;T1=26.97;SPD=22;CRS=223;TM=68975665
Topic parts: [ '', '138-81-54417', 'test' ]
Processing new GPS format data
=== PARSED GPS DATA ===
REGNO: 138-81-54417
JDATE: 20250809
Machin_mac: test
Time: 20250809 230837
Latitude: 78.615635
Longitude: 75.6943
Speed: 22 Km/h
Temperature: 26.97 ℃
Heading: 223
======================
Database not connected, skipping data save for rkey: 138-81-54417
Received message on topic: /138-81-54417/test
Message payload: LAT=67.176329;LNG=40.760165;T1=23.88;SPD=51;CRS=324;TM=68975660
Topic parts: [ '', '138-81-54417', 'test' ]
Processing new GPS format data
=== PARSED GPS DATA ===
REGNO: 138-81-54417
JDATE: 20250809
Machin_mac: test
Time: 20250809 230832
Latitude: 67.176329
Longitude: 40.760165
Speed: 51 Km/h
Temperature: 23.88 ℃
Heading: 324
======================
Database not connected, skipping data save for rkey: 138-81-54417
Received message on topic: /138-81-54417/test
Message payload: LAT=53.376842;LNG=149.673998;T1=27.52;SPD=5;CRS=33;TM=68975668
Topic parts: [ '', '138-81-54417', 'test' ]
Processing new GPS format data
=== PARSED GPS DATA ===
REGNO: 138-81-54417
JDATE: 20250809
Machin_mac: test
Time: 20250809 230840
Latitude: 53.376842
Longitude: 149.673998
Speed: 5 Km/h
Temperature: 27.52 ℃
Heading: 33
======================
Database not connected, skipping data save for rkey: 138-81-54417
Ignoring invalid configuration option passed to Connection: acquireTimeout. This is currently a warning, but in future versions of MySQL2, an error will be thrown if you pass an invalid configuration option to a Connection
Ignoring invalid configuration option passed to Connection: timeout. This is currently a warning, but in future versions of MySQL2, an error will be thrown if you pass an invalid configuration option to a Connection
Ignoring invalid configuration option passed to Connection: reconnect. This is currently a warning, but in future versions of MySQL2, an error will be thrown if you pass an invalid configuration option to a Connection
Ignoring invalid configuration option passed to Connection: acquireTimeout. This is currently a warning, but in future versions of MySQL2, an error will be thrown if you pass an invalid configuration option to a Connection
Ignoring invalid configuration option passed to Connection: timeout. This is currently a warning, but in future versions of MySQL2, an error will be thrown if you pass an invalid configuration option to a Connection
Ignoring invalid configuration option passed to Connection: reconnect. This is currently a warning, but in future versions of MySQL2, an error will be thrown if you pass an invalid configuration option to a Connection
Ignoring invalid configuration option passed to Connection: acquireTimeout. This is currently a warning, but in future versions of MySQL2, an error will be thrown if you pass an invalid configuration option to a Connection
Ignoring invalid configuration option passed to Connection: timeout. This is currently a warning, but in future versions of MySQL2, an error will be thrown if you pass an invalid configuration option to a Connection
Ignoring invalid configuration option passed to Connection: reconnect. This is currently a warning, but in future versions of MySQL2, an error will be thrown if you pass an invalid configuration option to a Connection
Ignoring invalid configuration option passed to Connection: acquireTimeout. This is currently a warning, but in future versions of MySQL2, an error will be thrown if you pass an invalid configuration option to a Connection
Ignoring invalid configuration option passed to Connection: timeout. This is currently a warning, but in future versions of MySQL2, an error will be thrown if you pass an invalid configuration option to a Connection
Ignoring invalid configuration option passed to Connection: reconnect. This is currently a warning, but in future versions of MySQL2, an error will be thrown if you pass an invalid configuration option to a Connection
Connected to MySQL
Connected to MySQL
Connected to MySQL
Connected to MySQL
Received message on topic: /138-81-54417/test
Message payload: LAT=27.561813;LNG=108.951656;T1=25.32;SPD=6;CRS=135;TM=68975663
Topic parts: [ '', '138-81-54417', 'test' ]
Processing new GPS format data
=== PARSED GPS DATA ===
REGNO: 138-81-54417
JDATE: 20250809
Machin_mac: test
Time: 20250809 230835
Latitude: 27.561813
Longitude: 108.951656
Speed: 6 Km/h
Temperature: 25.32 ℃
Heading: 135
======================
✅ Database updated successfully for rkey: 138-81-54417
Affected rows: 1
Received message on topic: /138-81-54417/test
Message payload: LAT=82.267212;LNG=125.507884;T1=23.33;SPD=45;CRS=66;TM=6897566b
Topic parts: [ '', '138-81-54417', 'test' ]
Processing new GPS format data
=== PARSED GPS DATA ===
REGNO: 138-81-54417
JDATE: 20250809
Machin_mac: test
Time: 20250809 230843
Latitude: 82.267212
Longitude: 125.507884
Speed: 45 Km/h
Temperature: 23.33 ℃
Heading: 66
======================
✅ Database updated successfully for rkey: 138-81-54417
Affected rows: 2
Received message on topic: /138-81-54417/test
Message payload: LAT=46.977946;LNG=127.790014;T1=22.55;SPD=14;CRS=170;TM=68975666
Topic parts: [ '', '138-81-54417', 'test' ]
Processing new GPS format data
=== PARSED GPS DATA ===
REGNO: 138-81-54417
JDATE: 20250809
Machin_mac: test
Time: 20250809 230838
Latitude: 46.977946
Longitude: 127.790014
Speed: 14 Km/h
Temperature: 22.55 ℃
Heading: 170
======================
✅ Database updated successfully for rkey: 138-81-54417
Affected rows: 2
Received message on topic: /138-81-54417/test
Message payload: LAT=75.176896;LNG=12.015115;T1=23.60;SPD=40;CRS=239;TM=6897566e
Topic parts: [ '', '138-81-54417', 'test' ]
Processing new GPS format data
=== PARSED GPS DATA ===
REGNO: 138-81-54417
JDATE: 20250809
Machin_mac: test
Time: 20250809 230846
Latitude: 75.176896
Longitude: 12.015115
Speed: 40 Km/h
Temperature: 23.6 ℃
Heading: 239
======================
✅ Database updated successfully for rkey: 138-81-54417
Affected rows: 2
Received message on topic: /138-81-54417/test
Message payload: LAT=10.917763;LNG=33.437861;T1=24.79;SPD=39;CRS=297;TM=68975669
Topic parts: [ '', '138-81-54417', 'test' ]
Processing new GPS format data
=== PARSED GPS DATA ===
REGNO: 138-81-54417
JDATE: 20250809
Machin_mac: test
Time: 20250809 230841
Latitude: 10.917763
Longitude: 33.437861
Speed: 39 Km/h
Temperature: 24.79 ℃
Heading: 297
======================
✅ Database updated successfully for rkey: 138-81-54417
Affected rows: 2
Received message on topic: /138-81-54417/test
Message payload: LAT=59.275547;LNG=153.668965;T1=20.41;SPD=96;CRS=316;TM=68975671
Topic parts: [ '', '138-81-54417', 'test' ]
Processing new GPS format data
=== PARSED GPS DATA ===
REGNO: 138-81-54417
JDATE: 20250809
Machin_mac: test
Time: 20250809 230849
Latitude: 59.275547
Longitude: 153.668965
Speed: 96 Km/h
Temperature: 20.41 ℃
Heading: 316
======================
✅ Database updated successfully for rkey: 138-81-54417
Affected rows: 2
Received message on topic: /138-81-54417/test
Message payload: LAT=67.524445;LNG=131.041031;T1=23.48;SPD=29;CRS=288;TM=6897566c
Topic parts: [ '', '138-81-54417', 'test' ]
Processing new GPS format data
=== PARSED GPS DATA ===
REGNO: 138-81-54417
JDATE: 20250809
Machin_mac: test
Time: 20250809 230844
Latitude: 67.524445
Longitude: 131.041031
Speed: 29 Km/h
Temperature: 23.48 ℃
Heading: 288
======================
✅ Database updated successfully for rkey: 138-81-54417
Affected rows: 2
Received message on topic: /138-81-54417/test
Message payload: LAT=86.329728;LNG=163.775360;T1=21.47;SPD=9;CRS=53;TM=68975674
Topic parts: [ '', '138-81-54417', 'test' ]
Processing new GPS format data
=== PARSED GPS DATA ===
REGNO: 138-81-54417
JDATE: 20250809
Machin_mac: test
Time: 20250809 230852
Latitude: 86.329728
Longitude: 163.77536
Speed: 9 Km/h
Temperature: 21.47 ℃
Heading: 53
======================
✅ Database updated successfully for rkey: 138-81-54417
Affected rows: 2
Received message on topic: /138-81-54417/test
Message payload: LAT=59.271006;LNG=86.333809;T1=25.40;SPD=62;CRS=28;TM=6897566f
Topic parts: [ '', '138-81-54417', 'test' ]
Processing new GPS format data
=== PARSED GPS DATA ===
REGNO: 138-81-54417
JDATE: 20250809
Machin_mac: test
Time: 20250809 230847
Latitude: 59.271006
Longitude: 86.333809
Speed: 62 Km/h
Temperature: 25.4 ℃
Heading: 28
======================
✅ Database updated successfully for rkey: 138-81-54417
Affected rows: 2
Received message on topic: /138-81-54417/test
Message payload: LAT=89.280608;LNG=35.430027;T1=29.66;SPD=62;CRS=208;TM=68975677
Topic parts: [ '', '138-81-54417', 'test' ]
Processing new GPS format data
=== PARSED GPS DATA ===
REGNO: 138-81-54417
JDATE: 20250809
Machin_mac: test
Time: 20250809 230855
Latitude: 89.280608
Longitude: 35.430027
Speed: 62 Km/h
Temperature: 29.66 ℃
Heading: 208
======================
✅ Database updated successfully for rkey: 138-81-54417
Affected rows: 2
Received message on topic: /138-81-54417/test
Message payload: LAT=52.297369;LNG=85.786402;T1=28.74;SPD=26;CRS=206;TM=68975672
Topic parts: [ '', '138-81-54417', 'test' ]
Processing new GPS format data
=== PARSED GPS DATA ===
REGNO: 138-81-54417
JDATE: 20250809
Machin_mac: test
Time: 20250809 230850
Latitude: 52.297369
Longitude: 85.786402
Speed: 26 Km/h
Temperature: 28.74 ℃
Heading: 206
======================
✅ Database updated successfully for rkey: 138-81-54417
Affected rows: 2
Received message on topic: /138-81-54417/test
Message payload: LAT=55.785008;LNG=60.734683;T1=22.87;SPD=30;CRS=58;TM=6897567a
Topic parts: [ '', '138-81-54417', 'test' ]
Processing new GPS format data
=== PARSED GPS DATA ===
REGNO: 138-81-54417
JDATE: 20250809
Machin_mac: test
Time: 20250809 230858
Latitude: 55.785008
Longitude: 60.734683
Speed: 30 Km/h
Temperature: 22.87 ℃
Heading: 58
======================
✅ Database updated successfully for rkey: 138-81-54417
Affected rows: 2
